# Synopsys Constraint Checker, version maplat, Build 1796R, built Aug  4 2017
# Copyright (C) 1994-2017 Synopsys, Inc. This Synopsys software and all associated documentation are proprietary to Synopsys, Inc. and may only be used pursuant to the terms and conditions of a written license agreement with Synopsys, Inc. All other use, reproduction, modification, or distribution of the Synopsys software or the associated documentation is strictly prohibited.

# Written on Tue Jun  5 14:01:01 2018


##### DESIGN INFO #######################################################

Top View:                "LED_top_module"
Constraint File(s):      (none)




##### SUMMARY ############################################################

Found 0 issues in 0 out of 0 constraints


##### DETAILS ############################################################



Clock Relationships
*******************

Starting                              Ending                                |     rise to rise     |     fall to fall     |     rise to fall     |     fall to rise                     
---------------------------------------------------------------------------------------------------------------------------------------------------------------------------------------
LED_top_module|clk_inferred_clock     LED_top_module|clk_inferred_clock     |     480.769          |     No paths         |     No paths         |     No paths                         
clock_counter|clk_o_derived_clock     clock_counter|clk_o_derived_clock     |     480.769          |     No paths         |     No paths         |     No paths                         
=======================================================================================================================================================================================
 Note: 'No paths' indicates there are no paths in the design for that pair of clock edges.
       'Diff grp' indicates that paths exist but the starting clock and ending clock are in different clock groups.


Unconstrained Start/End Points
******************************

p:p1[0]
p:p1[1]
p:p1[2]
p:p2[0]
p:p2[1]
p:p2[2]
p:reset_n
p:segments_out[0]
p:segments_out[1]
p:segments_out[2]
p:segments_out[3]
p:segments_out[4]
p:segments_out[5]
p:segments_out[6]
p:state[0]
p:state[1]
p:state[2]


Inapplicable constraints
************************

(none)


Applicable constraints with issues
**********************************

(none)


Constraints with matching wildcard expressions
**********************************************

(none)


Library Report
**************


# End of Constraint Checker Report
